[2013-04-28 16:37] Array
(
    [active] => 1
    [active_other] => 
    [dept] => ce
    [class_no] => 
    [participants] => 1
    [advisor] => 
    [advisor_email] => salem@example.com
    [project_type] => 
    [project_name] => 
    [first_name_0] => 
    [last_name_0] => 
    [email_0] => 
    [phone_number_0] => 
    [first_name_1] => 
    [last_name_1] => 
    [email_1] => 
    [phone_number_1] => 
    [first_name_2] => 
    [last_name_2] => 
    [email_2] => 
    [phone_number_2] => 
    [first_name_3] => 
    [last_name_3] => 
    [email_3] => 
    [phone_number_3] => 
    [first_name_4] => 
    [last_name_4] => 
    [email_4] => 
    [phone_number_4] => 
    [first_name_5] => 
    [last_name_5] => 
    [email_5] => 
    [phone_number_5] => 
    [first_name_6] => 
    [last_name_6] => 
    [email_6] => 
    [phone_number_6] => 
    [first_name_7] => 
    [last_name_7] => 
    [email_7] => 
    [phone_number_7] => 
    [first_name_8] => 
    [last_name_8] => 
    [email_8] => 
    [phone_number_8] => 
    [first_name_9] => 
    [last_name_9] => 
    [email_9] => 
    [phone_number_9] => 
    [account_type] => both
    [permissions] => 
    [other_permissions] => 
    [mysql_host] => 
    [db_comments] => 
    [disk_quota] => 
    [unix_shell] => csh
    [project_comments] => 
)

[2013-04-28 16:37] 1357027200
[2013-04-28 16:37] 1372575600
[2013-04-28 16:37] 1372662000
[2013-04-28 16:37] 1388476800
[2013-04-28 16:38] Array
(
    [active] => 1
    [active_other] => 
    [dept] => ce
    [class_no] => 
    [participants] => 1
    [advisor] => 
    [advisor_email] => salem@example.com
    [project_type] => 
    [project_name] => 
    [first_name_0] => 
    [last_name_0] => 
    [email_0] => 
    [phone_number_0] => 
    [first_name_1] => 
    [last_name_1] => 
    [email_1] => 
    [phone_number_1] => 
    [first_name_2] => 
    [last_name_2] => 
    [email_2] => 
    [phone_number_2] => 
    [first_name_3] => 
    [last_name_3] => 
    [email_3] => 
    [phone_number_3] => 
    [first_name_4] => 
    [last_name_4] => 
    [email_4] => 
    [phone_number_4] => 
    [first_name_5] => 
    [last_name_5] => 
    [email_5] => 
    [phone_number_5] => 
    [first_name_6] => 
    [last_name_6] => 
    [email_6] => 
    [phone_number_6] => 
    [first_name_7] => 
    [last_name_7] => 
    [email_7] => 
    [phone_number_7] => 
    [first_name_8] => 
    [last_name_8] => 
    [email_8] => 
    [phone_number_8] => 
    [first_name_9] => 
    [last_name_9] => 
    [email_9] => 
    [phone_number_9] => 
    [account_type] => both
    [permissions] => all
    [other_permissions] => Array
        (
            [0] => 
            [1] => 
            [2] => 
            [3] => 
            [4] => 
            [5] => 
            [6] => 
            [7] => 
            [8] => 
        )

    [mysql_host] => any
    [db_comments] => 
    [disk_quota] => 1500 MB
    [unix_shell] => csh
    [project_comments] => 
)

[2013-04-28 16:38] Array
(
    [0] => 
    [1] => 
    [2] => 
    [3] => 
    [4] => 
    [5] => 
    [6] => 
    [7] => 
    [8] => 
)

[2013-04-28 16:46] Array
(
    [active] => 1
    [active_other] => 
    [dept] => ce
    [class_no] => 
    [participants] => 1
    [advisor] => 
    [advisor_email] => salem@example.com
    [project_type] => 
    [project_name] => 
    [first_name_0] => 
    [last_name_0] => 
    [email_0] => 
    [phone_number_0] => 
    [first_name_1] => 
    [last_name_1] => 
    [email_1] => 
    [phone_number_1] => 
    [first_name_2] => 
    [last_name_2] => 
    [email_2] => 
    [phone_number_2] => 
    [first_name_3] => 
    [last_name_3] => 
    [email_3] => 
    [phone_number_3] => 
    [first_name_4] => 
    [last_name_4] => 
    [email_4] => 
    [phone_number_4] => 
    [first_name_5] => 
    [last_name_5] => 
    [email_5] => 
    [phone_number_5] => 
    [first_name_6] => 
    [last_name_6] => 
    [email_6] => 
    [phone_number_6] => 
    [first_name_7] => 
    [last_name_7] => 
    [email_7] => 
    [phone_number_7] => 
    [first_name_8] => 
    [last_name_8] => 
    [email_8] => 
    [phone_number_8] => 
    [first_name_9] => 
    [last_name_9] => 
    [email_9] => 
    [phone_number_9] => 
    [account_type] => both
    [permissions] => all
    [other_permissions] => Array
        (
            [0] => 
            [1] => 
            [2] => 
            [3] => 
            [4] => 
            [5] => 
            [6] => 
            [7] => 
            [8] => 
        )

    [mysql_host] => any
    [db_comments] => 
    [disk_quota] => 1500 MB
    [unix_shell] => csh
    [project_comments] => 
)

[2013-04-28 16:46] Array
(
    [0] => 
    [1] => 
    [2] => 
    [3] => 
    [4] => 
    [5] => 
    [6] => 
    [7] => 
    [8] => 
)

[2013-04-28 16:48] Array
(
    [active] => 1
    [active_other] => 
    [dept] => ce
    [class_no] => 
    [participants] => 1
    [advisor] => 
    [advisor_email] => salem@example.com
    [project_type] => 
    [project_name] => 
    [first_name_0] => 
    [last_name_0] => 
    [email_0] => 
    [phone_number_0] => 
    [first_name_1] => 
    [last_name_1] => 
    [email_1] => 
    [phone_number_1] => 
    [first_name_2] => 
    [last_name_2] => 
    [email_2] => 
    [phone_number_2] => 
    [first_name_3] => 
    [last_name_3] => 
    [email_3] => 
    [phone_number_3] => 
    [first_name_4] => 
    [last_name_4] => 
    [email_4] => 
    [phone_number_4] => 
    [first_name_5] => 
    [last_name_5] => 
    [email_5] => 
    [phone_number_5] => 
    [first_name_6] => 
    [last_name_6] => 
    [email_6] => 
    [phone_number_6] => 
    [first_name_7] => 
    [last_name_7] => 
    [email_7] => 
    [phone_number_7] => 
    [first_name_8] => 
    [last_name_8] => 
    [email_8] => 
    [phone_number_8] => 
    [first_name_9] => 
    [last_name_9] => 
    [email_9] => 
    [phone_number_9] => 
    [account_type] => both
    [permissions] => all
    [other_permissions] => Array
        (
            [0] => 
            [1] => 
            [2] => 
            [3] => 
            [4] => 
            [5] => 
            [6] => 
            [7] => 
            [8] => 
        )

    [mysql_host] => any
    [db_comments] => 
    [disk_quota] => 1500 MB
    [unix_shell] => csh
    [project_comments] => 
)

[2013-04-28 16:48] Array
(
    [account_type] => both
    [participants] => 1
    [advisor] => 
    [advisor_email] => salem@example.com
    [active] => 1
    [active_other] => 
    [project_type] => 
    [dept] => ce
    [class_no] => 
    [project_name] => 
    [first_name_0] => 
    [email_0] => 
    [phone_number_0] => 
    [first_name_1] => 
    [email_1] => 
    [phone_number_1] => 
    [first_name_2] => 
    [email_2] => 
    [phone_number_2] => 
    [first_name_3] => 
    [email_3] => 
    [phone_number_3] => 
    [first_name_4] => 
    [email_4] => 
    [phone_number_4] => 
    [first_name_5] => 
    [email_5] => 
    [phone_number_5] => 
    [first_name_6] => 
    [email_6] => 
    [phone_number_6] => 
    [first_name_7] => 
    [email_7] => 
    [phone_number_7] => 
    [first_name_8] => 
    [email_8] => 
    [phone_number_8] => 
    [first_name_9] => 
    [email_9] => 
    [phone_number_9] => 
    [mysql_host] => any
    [permissions] => all
    [other_permissions] => Array
        (
            [0] => alter
            [1] => insert
            [2] => create
            [3] => delete
            [4] => select
            [5] => drop
            [6] => index
            [7] => update
            [8] => references
        )

    [db_comments] => 
    [disk_quota] => 1500 MB
    [unix_shell] => csh
    [project_comments] => 
    [ecs_submit] => Submit
)

[2013-04-28 16:48] Array
(
    [0] => 
    [1] => 
    [2] => 
    [3] => 
    [4] => 
    [5] => 
    [6] => 
    [7] => 
    [8] => 
)

[2013-04-28 16:49] Array
(
    [active] => 1
    [active_other] => 
    [dept] => ce
    [class_no] => 
    [participants] => 1
    [advisor] => 
    [advisor_email] => salem@example.com
    [project_type] => 
    [project_name] => 
    [first_name_0] => 
    [last_name_0] => 
    [email_0] => 
    [phone_number_0] => 
    [first_name_1] => 
    [last_name_1] => 
    [email_1] => 
    [phone_number_1] => 
    [first_name_2] => 
    [last_name_2] => 
    [email_2] => 
    [phone_number_2] => 
    [first_name_3] => 
    [last_name_3] => 
    [email_3] => 
    [phone_number_3] => 
    [first_name_4] => 
    [last_name_4] => 
    [email_4] => 
    [phone_number_4] => 
    [first_name_5] => 
    [last_name_5] => 
    [email_5] => 
    [phone_number_5] => 
    [first_name_6] => 
    [last_name_6] => 
    [email_6] => 
    [phone_number_6] => 
    [first_name_7] => 
    [last_name_7] => 
    [email_7] => 
    [phone_number_7] => 
    [first_name_8] => 
    [last_name_8] => 
    [email_8] => 
    [phone_number_8] => 
    [first_name_9] => 
    [last_name_9] => 
    [email_9] => 
    [phone_number_9] => 
    [account_type] => both
    [permissions] => all
    [other_permissions] => Array
        (
            [0] => 
            [1] => 
            [2] => 
            [3] => 
            [4] => 
            [5] => 
            [6] => 
            [7] => 
            [8] => 
        )

    [mysql_host] => any
    [db_comments] => 
    [disk_quota] => 1500 MB
    [unix_shell] => csh
    [project_comments] => 
)

[2013-04-28 16:49] POST
[2013-04-28 16:49] Array
(
    [account_type] => both
    [participants] => 1
    [advisor] => 
    [advisor_email] => salem@example.com
    [active] => 1
    [active_other] => 
    [project_type] => 
    [dept] => ce
    [class_no] => 
    [project_name] => 
    [first_name_0] => 
    [email_0] => 
    [phone_number_0] => 
    [first_name_1] => 
    [email_1] => 
    [phone_number_1] => 
    [first_name_2] => 
    [email_2] => 
    [phone_number_2] => 
    [first_name_3] => 
    [email_3] => 
    [phone_number_3] => 
    [first_name_4] => 
    [email_4] => 
    [phone_number_4] => 
    [first_name_5] => 
    [email_5] => 
    [phone_number_5] => 
    [first_name_6] => 
    [email_6] => 
    [phone_number_6] => 
    [first_name_7] => 
    [email_7] => 
    [phone_number_7] => 
    [first_name_8] => 
    [email_8] => 
    [phone_number_8] => 
    [first_name_9] => 
    [email_9] => 
    [phone_number_9] => 
    [mysql_host] => any
    [permissions] => all
    [other_permissions] => Array
        (
            [0] => alter
            [1] => insert
            [2] => create
            [3] => delete
            [4] => select
            [5] => drop
            [6] => index
            [7] => update
            [8] => references
        )

    [db_comments] => 
    [disk_quota] => 1500 MB
    [unix_shell] => csh
    [project_comments] => 
    [ecs_submit] => Submit
)

[2013-04-28 16:49] Array
(
    [0] => 
    [1] => 
    [2] => 
    [3] => 
    [4] => 
    [5] => 
    [6] => 
    [7] => 
    [8] => 
)

[2013-04-28 16:50] Array
(
    [active] => 1
    [active_other] => 
    [dept] => ce
    [class_no] => 
    [participants] => 1
    [advisor] => 
    [advisor_email] => salem@example.com
    [project_type] => 
    [project_name] => 
    [first_name_0] => 
    [last_name_0] => 
    [email_0] => 
    [phone_number_0] => 
    [first_name_1] => 
    [last_name_1] => 
    [email_1] => 
    [phone_number_1] => 
    [first_name_2] => 
    [last_name_2] => 
    [email_2] => 
    [phone_number_2] => 
    [first_name_3] => 
    [last_name_3] => 
    [email_3] => 
    [phone_number_3] => 
    [first_name_4] => 
    [last_name_4] => 
    [email_4] => 
    [phone_number_4] => 
    [first_name_5] => 
    [last_name_5] => 
    [email_5] => 
    [phone_number_5] => 
    [first_name_6] => 
    [last_name_6] => 
    [email_6] => 
    [phone_number_6] => 
    [first_name_7] => 
    [last_name_7] => 
    [email_7] => 
    [phone_number_7] => 
    [first_name_8] => 
    [last_name_8] => 
    [email_8] => 
    [phone_number_8] => 
    [first_name_9] => 
    [last_name_9] => 
    [email_9] => 
    [phone_number_9] => 
    [account_type] => both
    [permissions] => all
    [other_permissions] => Array
        (
            [0] => 
            [1] => 
            [2] => 
            [3] => 
            [4] => 
            [5] => 
            [6] => 
            [7] => 
            [8] => 
        )

    [mysql_host] => any
    [db_comments] => 
    [disk_quota] => 1500 MB
    [unix_shell] => csh
    [project_comments] => 
)

[2013-04-28 16:50] POST
[2013-04-28 16:50] Array
(
    [account_type] => both
    [participants] => 1
    [advisor] => 
    [advisor_email] => salem@example.com
    [active] => 1
    [active_other] => 
    [project_type] => 
    [dept] => ce
    [class_no] => 
    [project_name] => 
    [first_name_0] => 
    [email_0] => 
    [phone_number_0] => 
    [first_name_1] => 
    [email_1] => 
    [phone_number_1] => 
    [first_name_2] => 
    [email_2] => 
    [phone_number_2] => 
    [first_name_3] => 
    [email_3] => 
    [phone_number_3] => 
    [first_name_4] => 
    [email_4] => 
    [phone_number_4] => 
    [first_name_5] => 
    [email_5] => 
    [phone_number_5] => 
    [first_name_6] => 
    [email_6] => 
    [phone_number_6] => 
    [first_name_7] => 
    [email_7] => 
    [phone_number_7] => 
    [first_name_8] => 
    [email_8] => 
    [phone_number_8] => 
    [first_name_9] => 
    [email_9] => 
    [phone_number_9] => 
    [mysql_host] => any
    [permissions] => all
    [other_permissions] => Array
        (
            [0] => alter
            [1] => insert
            [2] => create
            [3] => delete
            [4] => select
            [5] => drop
            [6] => index
            [7] => update
            [8] => references
        )

    [db_comments] => 
    [disk_quota] => 1500 MB
    [unix_shell] => csh
    [project_comments] => 
    [ecs_submit] => Submit
)

[2013-04-28 16:50] Array
(
    [0] => 
    [1] => 
    [2] => 
    [3] => 
    [4] => 
    [5] => 
    [6] => 
    [7] => 
    [8] => 
)

[2013-04-28 16:51] Array
(
    [active] => 1
    [active_other] => 
    [dept] => ce
    [class_no] => 
    [participants] => 1
    [advisor] => 
    [advisor_email] => salem@example.com
    [project_type] => 
    [project_name] => 
    [first_name_0] => 
    [last_name_0] => 
    [email_0] => 
    [phone_number_0] => 
    [first_name_1] => 
    [last_name_1] => 
    [email_1] => 
    [phone_number_1] => 
    [first_name_2] => 
    [last_name_2] => 
    [email_2] => 
    [phone_number_2] => 
    [first_name_3] => 
    [last_name_3] => 
    [email_3] => 
    [phone_number_3] => 
    [first_name_4] => 
    [last_name_4] => 
    [email_4] => 
    [phone_number_4] => 
    [first_name_5] => 
    [last_name_5] => 
    [email_5] => 
    [phone_number_5] => 
    [first_name_6] => 
    [last_name_6] => 
    [email_6] => 
    [phone_number_6] => 
    [first_name_7] => 
    [last_name_7] => 
    [email_7] => 
    [phone_number_7] => 
    [first_name_8] => 
    [last_name_8] => 
    [email_8] => 
    [phone_number_8] => 
    [first_name_9] => 
    [last_name_9] => 
    [email_9] => 
    [phone_number_9] => 
    [account_type] => both
    [permissions] => all
    [other_permissions] => Array
        (
            [0] => 
            [1] => 
            [2] => 
            [3] => 
            [4] => 
            [5] => 
            [6] => 
            [7] => 
            [8] => 
        )

    [mysql_host] => any
    [db_comments] => 
    [disk_quota] => 1500 MB
    [unix_shell] => csh
    [project_comments] => 
)

[2013-04-28 16:51] POST
[2013-04-28 16:51] Array
(
    [account_type] => both
    [participants] => 1
    [advisor] => 
    [advisor_email] => salem@example.com
    [active] => 1
    [active_other] => 
    [project_type] => 
    [dept] => ce
    [class_no] => 
    [project_name] => 
    [first_name_0] => 
    [email_0] => 
    [phone_number_0] => 
    [first_name_1] => 
    [email_1] => 
    [phone_number_1] => 
    [first_name_2] => 
    [email_2] => 
    [phone_number_2] => 
    [first_name_3] => 
    [email_3] => 
    [phone_number_3] => 
    [first_name_4] => 
    [email_4] => 
    [phone_number_4] => 
    [first_name_5] => 
    [email_5] => 
    [phone_number_5] => 
    [first_name_6] => 
    [email_6] => 
    [phone_number_6] => 
    [first_name_7] => 
    [email_7] => 
    [phone_number_7] => 
    [first_name_8] => 
    [email_8] => 
    [phone_number_8] => 
    [first_name_9] => 
    [email_9] => 
    [phone_number_9] => 
    [mysql_host] => any
    [permissions] => all
    [other_permissions] => Array
        (
            [0] => alter
            [1] => insert
            [2] => create
            [3] => delete
            [4] => select
            [5] => drop
            [6] => index
            [7] => update
            [8] => references
        )

    [db_comments] => 
    [disk_quota] => 1500 MB
    [unix_shell] => csh
    [project_comments] => 
    [ecs_submit] => Submit
)

[2013-04-28 16:51] Array
(
    [0] => 
    [1] => 
    [2] => 
    [3] => 
    [4] => 
    [5] => 
    [6] => 
    [7] => 
    [8] => 
)

[2013-04-28 16:51] Array
(
    [active] => 1
    [active_other] => 
    [dept] => ce
    [class_no] => 
    [participants] => 1
    [advisor] => 
    [advisor_email] => salem@example.com
    [project_type] => 
    [project_name] => 
    [first_name_0] => 
    [last_name_0] => 
    [email_0] => 
    [phone_number_0] => 
    [first_name_1] => 
    [last_name_1] => 
    [email_1] => 
    [phone_number_1] => 
    [first_name_2] => 
    [last_name_2] => 
    [email_2] => 
    [phone_number_2] => 
    [first_name_3] => 
    [last_name_3] => 
    [email_3] => 
    [phone_number_3] => 
    [first_name_4] => 
    [last_name_4] => 
    [email_4] => 
    [phone_number_4] => 
    [first_name_5] => 
    [last_name_5] => 
    [email_5] => 
    [phone_number_5] => 
    [first_name_6] => 
    [last_name_6] => 
    [email_6] => 
    [phone_number_6] => 
    [first_name_7] => 
    [last_name_7] => 
    [email_7] => 
    [phone_number_7] => 
    [first_name_8] => 
    [last_name_8] => 
    [email_8] => 
    [phone_number_8] => 
    [first_name_9] => 
    [last_name_9] => 
    [email_9] => 
    [phone_number_9] => 
    [account_type] => both
    [permissions] => all
    [other_permissions] => Array
        (
            [0] => 
            [1] => 
            [2] => 
            [3] => 
            [4] => 
            [5] => 
            [6] => 
            [7] => 
            [8] => 
        )

    [mysql_host] => any
    [db_comments] => 
    [disk_quota] => 1500 MB
    [unix_shell] => csh
    [project_comments] => 
)

[2013-04-28 16:51] POST
[2013-04-28 16:51] Array
(
    [account_type] => both
    [participants] => 1
    [advisor] => 
    [advisor_email] => salem@example.com
    [active] => 1
    [active_other] => 
    [project_type] => 
    [dept] => ce
    [class_no] => 
    [project_name] => 
    [first_name_0] => 
    [email_0] => 
    [phone_number_0] => 
    [first_name_1] => 
    [email_1] => 
    [phone_number_1] => 
    [first_name_2] => 
    [email_2] => 
    [phone_number_2] => 
    [first_name_3] => 
    [email_3] => 
    [phone_number_3] => 
    [first_name_4] => 
    [email_4] => 
    [phone_number_4] => 
    [first_name_5] => 
    [email_5] => 
    [phone_number_5] => 
    [first_name_6] => 
    [email_6] => 
    [phone_number_6] => 
    [first_name_7] => 
    [email_7] => 
    [phone_number_7] => 
    [first_name_8] => 
    [email_8] => 
    [phone_number_8] => 
    [first_name_9] => 
    [email_9] => 
    [phone_number_9] => 
    [mysql_host] => any
    [permissions] => all
    [other_permissions] => Array
        (
            [0] => alter
            [1] => insert
            [2] => create
            [3] => delete
            [4] => select
            [5] => drop
            [6] => index
            [7] => update
            [8] => references
        )

    [db_comments] => 
    [disk_quota] => 1500 MB
    [unix_shell] => csh
    [project_comments] => 
    [ecs_submit] => Submit
)

[2013-04-28 16:51] Array
(
    [0] => 
    [1] => 
    [2] => 
    [3] => 
    [4] => 
    [5] => 
    [6] => 
    [7] => 
    [8] => 
)

[2013-04-28 16:52] SANITIZING ARRAY
[2013-04-28 16:52] Array
(
    [0] => alter
    [1] => insert
    [2] => create
    [3] => delete
    [4] => select
    [5] => drop
    [6] => index
    [7] => update
    [8] => references
)

[2013-04-28 16:52] Array
(
    [active] => 1
    [active_other] => 
    [dept] => ce
    [class_no] => 
    [participants] => 1
    [advisor] => 
    [advisor_email] => salem@example.com
    [project_type] => 
    [project_name] => 
    [first_name_0] => 
    [last_name_0] => 
    [email_0] => 
    [phone_number_0] => 
    [first_name_1] => 
    [last_name_1] => 
    [email_1] => 
    [phone_number_1] => 
    [first_name_2] => 
    [last_name_2] => 
    [email_2] => 
    [phone_number_2] => 
    [first_name_3] => 
    [last_name_3] => 
    [email_3] => 
    [phone_number_3] => 
    [first_name_4] => 
    [last_name_4] => 
    [email_4] => 
    [phone_number_4] => 
    [first_name_5] => 
    [last_name_5] => 
    [email_5] => 
    [phone_number_5] => 
    [first_name_6] => 
    [last_name_6] => 
    [email_6] => 
    [phone_number_6] => 
    [first_name_7] => 
    [last_name_7] => 
    [email_7] => 
    [phone_number_7] => 
    [first_name_8] => 
    [last_name_8] => 
    [email_8] => 
    [phone_number_8] => 
    [first_name_9] => 
    [last_name_9] => 
    [email_9] => 
    [phone_number_9] => 
    [account_type] => both
    [permissions] => all
    [other_permissions] => Array
        (
            [0] => 
            [1] => 
            [2] => 
            [3] => 
            [4] => 
            [5] => 
            [6] => 
            [7] => 
            [8] => 
        )

    [mysql_host] => any
    [db_comments] => 
    [disk_quota] => 1500 MB
    [unix_shell] => csh
    [project_comments] => 
)

[2013-04-28 16:52] POST
[2013-04-28 16:52] Array
(
    [account_type] => both
    [participants] => 1
    [advisor] => 
    [advisor_email] => salem@example.com
    [active] => 1
    [active_other] => 
    [project_type] => 
    [dept] => ce
    [class_no] => 
    [project_name] => 
    [first_name_0] => 
    [email_0] => 
    [phone_number_0] => 
    [first_name_1] => 
    [email_1] => 
    [phone_number_1] => 
    [first_name_2] => 
    [email_2] => 
    [phone_number_2] => 
    [first_name_3] => 
    [email_3] => 
    [phone_number_3] => 
    [first_name_4] => 
    [email_4] => 
    [phone_number_4] => 
    [first_name_5] => 
    [email_5] => 
    [phone_number_5] => 
    [first_name_6] => 
    [email_6] => 
    [phone_number_6] => 
    [first_name_7] => 
    [email_7] => 
    [phone_number_7] => 
    [first_name_8] => 
    [email_8] => 
    [phone_number_8] => 
    [first_name_9] => 
    [email_9] => 
    [phone_number_9] => 
    [mysql_host] => any
    [permissions] => all
    [other_permissions] => Array
        (
            [0] => alter
            [1] => insert
            [2] => create
            [3] => delete
            [4] => select
            [5] => drop
            [6] => index
            [7] => update
            [8] => references
        )

    [db_comments] => 
    [disk_quota] => 1500 MB
    [unix_shell] => csh
    [project_comments] => 
    [ecs_submit] => Submit
)

[2013-04-28 16:52] Array
(
    [0] => 
    [1] => 
    [2] => 
    [3] => 
    [4] => 
    [5] => 
    [6] => 
    [7] => 
    [8] => 
)

[2013-04-28 16:53] SANITIZING ARRAY
[2013-04-28 16:53] Array
(
    [0] => alter
    [1] => insert
    [2] => create
    [3] => delete
    [4] => select
    [5] => drop
    [6] => index
    [7] => update
    [8] => references
)

[2013-04-28 16:53] SANITIZING ARRAY
[2013-04-28 16:53] Array
(
    [0] => alter
    [1] => insert
    [2] => create
    [3] => delete
    [4] => select
    [5] => drop
    [6] => index
    [7] => update
    [8] => references
)

[2013-04-28 16:53] 0 => alter
[2013-04-28 16:53] 1 => insert
[2013-04-28 16:53] 2 => create
[2013-04-28 16:53] 3 => delete
[2013-04-28 16:53] 4 => select
[2013-04-28 16:53] 5 => drop
[2013-04-28 16:53] 6 => index
[2013-04-28 16:53] 7 => update
[2013-04-28 16:53] 8 => references
[2013-04-28 16:53] Array
(
    [active] => 1
    [active_other] => 
    [dept] => ce
    [class_no] => 
    [participants] => 1
    [advisor] => 
    [advisor_email] => salem@example.com
    [project_type] => 
    [project_name] => 
    [first_name_0] => 
    [last_name_0] => 
    [email_0] => 
    [phone_number_0] => 
    [first_name_1] => 
    [last_name_1] => 
    [email_1] => 
    [phone_number_1] => 
    [first_name_2] => 
    [last_name_2] => 
    [email_2] => 
    [phone_number_2] => 
    [first_name_3] => 
    [last_name_3] => 
    [email_3] => 
    [phone_number_3] => 
    [first_name_4] => 
    [last_name_4] => 
    [email_4] => 
    [phone_number_4] => 
    [first_name_5] => 
    [last_name_5] => 
    [email_5] => 
    [phone_number_5] => 
    [first_name_6] => 
    [last_name_6] => 
    [email_6] => 
    [phone_number_6] => 
    [first_name_7] => 
    [last_name_7] => 
    [email_7] => 
    [phone_number_7] => 
    [first_name_8] => 
    [last_name_8] => 
    [email_8] => 
    [phone_number_8] => 
    [first_name_9] => 
    [last_name_9] => 
    [email_9] => 
    [phone_number_9] => 
    [account_type] => both
    [permissions] => all
    [other_permissions] => Array
        (
            [0] => 
            [1] => 
            [2] => 
            [3] => 
            [4] => 
            [5] => 
            [6] => 
            [7] => 
            [8] => 
        )

    [mysql_host] => any
    [db_comments] => 
    [disk_quota] => 1500 MB
    [unix_shell] => csh
    [project_comments] => 
)

[2013-04-28 16:53] POST
[2013-04-28 16:53] Array
(
    [account_type] => both
    [participants] => 1
    [advisor] => 
    [advisor_email] => salem@example.com
    [active] => 1
    [active_other] => 
    [project_type] => 
    [dept] => ce
    [class_no] => 
    [project_name] => 
    [first_name_0] => 
    [email_0] => 
    [phone_number_0] => 
    [first_name_1] => 
    [email_1] => 
    [phone_number_1] => 
    [first_name_2] => 
    [email_2] => 
    [phone_number_2] => 
    [first_name_3] => 
    [email_3] => 
    [phone_number_3] => 
    [first_name_4] => 
    [email_4] => 
    [phone_number_4] => 
    [first_name_5] => 
    [email_5] => 
    [phone_number_5] => 
    [first_name_6] => 
    [email_6] => 
    [phone_number_6] => 
    [first_name_7] => 
    [email_7] => 
    [phone_number_7] => 
    [first_name_8] => 
    [email_8] => 
    [phone_number_8] => 
    [first_name_9] => 
    [email_9] => 
    [phone_number_9] => 
    [mysql_host] => any
    [permissions] => all
    [other_permissions] => Array
        (
            [0] => alter
            [1] => insert
            [2] => create
            [3] => delete
            [4] => select
            [5] => drop
            [6] => index
            [7] => update
            [8] => references
        )

    [db_comments] => 
    [disk_quota] => 1500 MB
    [unix_shell] => csh
    [project_comments] => 
    [ecs_submit] => Submit
)

[2013-04-28 16:53] Array
(
    [0] => 
    [1] => 
    [2] => 
    [3] => 
    [4] => 
    [5] => 
    [6] => 
    [7] => 
    [8] => 
)

[2013-04-28 16:54] SANITIZING ARRAY
[2013-04-28 16:54] Array
(
    [0] => alter
    [1] => insert
    [2] => create
    [3] => delete
    [4] => select
    [5] => drop
    [6] => index
    [7] => update
    [8] => references
)

[2013-04-28 16:54] Array
(
    [active] => 1
    [active_other] => 
    [dept] => ce
    [class_no] => 
    [participants] => 1
    [advisor] => 
    [advisor_email] => salem@example.com
    [project_type] => 
    [project_name] => 
    [first_name_0] => 
    [last_name_0] => 
    [email_0] => 
    [phone_number_0] => 
    [first_name_1] => 
    [last_name_1] => 
    [email_1] => 
    [phone_number_1] => 
    [first_name_2] => 
    [last_name_2] => 
    [email_2] => 
    [phone_number_2] => 
    [first_name_3] => 
    [last_name_3] => 
    [email_3] => 
    [phone_number_3] => 
    [first_name_4] => 
    [last_name_4] => 
    [email_4] => 
    [phone_number_4] => 
    [first_name_5] => 
    [last_name_5] => 
    [email_5] => 
    [phone_number_5] => 
    [first_name_6] => 
    [last_name_6] => 
    [email_6] => 
    [phone_number_6] => 
    [first_name_7] => 
    [last_name_7] => 
    [email_7] => 
    [phone_number_7] => 
    [first_name_8] => 
    [last_name_8] => 
    [email_8] => 
    [phone_number_8] => 
    [first_name_9] => 
    [last_name_9] => 
    [email_9] => 
    [phone_number_9] => 
    [account_type] => both
    [permissions] => all
    [other_permissions] => Array
        (
            [0] => alter
            [1] => insert
            [2] => create
            [3] => delete
            [4] => select
            [5] => drop
            [6] => index
            [7] => update
            [8] => references
        )

    [mysql_host] => any
    [db_comments] => 
    [disk_quota] => 1500 MB
    [unix_shell] => csh
    [project_comments] => 
)

[2013-04-28 16:54] POST
[2013-04-28 16:54] Array
(
    [account_type] => both
    [participants] => 1
    [advisor] => 
    [advisor_email] => salem@example.com
    [active] => 1
    [active_other] => 
    [project_type] => 
    [dept] => ce
    [class_no] => 
    [project_name] => 
    [first_name_0] => 
    [email_0] => 
    [phone_number_0] => 
    [first_name_1] => 
    [email_1] => 
    [phone_number_1] => 
    [first_name_2] => 
    [email_2] => 
    [phone_number_2] => 
    [first_name_3] => 
    [email_3] => 
    [phone_number_3] => 
    [first_name_4] => 
    [email_4] => 
    [phone_number_4] => 
    [first_name_5] => 
    [email_5] => 
    [phone_number_5] => 
    [first_name_6] => 
    [email_6] => 
    [phone_number_6] => 
    [first_name_7] => 
    [email_7] => 
    [phone_number_7] => 
    [first_name_8] => 
    [email_8] => 
    [phone_number_8] => 
    [first_name_9] => 
    [email_9] => 
    [phone_number_9] => 
    [mysql_host] => any
    [permissions] => all
    [other_permissions] => Array
        (
            [0] => alter
            [1] => insert
            [2] => create
            [3] => delete
            [4] => select
            [5] => drop
            [6] => index
            [7] => update
            [8] => references
        )

    [db_comments] => 
    [disk_quota] => 1500 MB
    [unix_shell] => csh
    [project_comments] => 
    [ecs_submit] => Submit
)

[2013-04-28 16:54] Array
(
    [0] => alter
    [1] => insert
    [2] => create
    [3] => delete
    [4] => select
    [5] => drop
    [6] => index
    [7] => update
    [8] => references
)

